16:57:57.141(2423) [main] ERROR NETWORK BasicUDPServerConnection.getDatagrammPacket catching java.net.PortUnreachableException: ICMP Port Unreachable
	at java.net.PlainDatagramSocketImpl.receive0(Native Method)
	at java.net.AbstractPlainDatagramSocketImpl.receive(AbstractPlainDatagramSocketImpl.java:145)
	at java.net.DatagramSocket.receive(DatagramSocket.java:786)
	at mrservermisc.network.BasicUDPServerConnection.getDatagrammPacket(Unknown Source)
	at mrservermisc.network.BasicUDPServerConnection.getDatagrammString(Unknown Source)
	at de.northernstars.mr.mrgraphics.network.GraphicsConnection.establishConnection(GraphicsConnection.java:33)
	at de.northernstars.mr.mrgraphics.core.MRGraphics.<init>(MRGraphics.java:35)
	at de.northernstars.mr.mrgraphics.core.MRGraphics.main(MRGraphics.java:47)

16:57:57.174(2456) [main] ERROR de.northernstars.mr.mrgraphics.network.GraphicsConnection GraphicsConnection.establishConnection catching java.lang.NullPointerException
	at mrservermisc.network.BasicUDPServerConnection.getDatagrammString(Unknown Source)
	at de.northernstars.mr.mrgraphics.network.GraphicsConnection.establishConnection(GraphicsConnection.java:33)
	at de.northernstars.mr.mrgraphics.core.MRGraphics.<init>(MRGraphics.java:35)
	at de.northernstars.mr.mrgraphics.core.MRGraphics.main(MRGraphics.java:47)

16:58:19.162(1699) [main] ERROR NETWORK BasicUDPServerConnection.getDatagrammPacket catching java.net.PortUnreachableException: ICMP Port Unreachable
	at java.net.PlainDatagramSocketImpl.receive0(Native Method)
	at java.net.AbstractPlainDatagramSocketImpl.receive(AbstractPlainDatagramSocketImpl.java:145)
	at java.net.DatagramSocket.receive(DatagramSocket.java:786)
	at mrservermisc.network.BasicUDPServerConnection.getDatagrammPacket(Unknown Source)
	at mrservermisc.network.BasicUDPServerConnection.getDatagrammString(Unknown Source)
	at de.northernstars.mr.mrgraphics.network.GraphicsConnection.establishConnection(GraphicsConnection.java:33)
	at de.northernstars.mr.mrgraphics.core.MRGraphics.<init>(MRGraphics.java:35)
	at de.northernstars.mr.mrgraphics.core.MRGraphics.main(MRGraphics.java:47)

16:58:19.185(1722) [main] ERROR de.northernstars.mr.mrgraphics.network.GraphicsConnection GraphicsConnection.establishConnection catching java.lang.NullPointerException
	at mrservermisc.network.BasicUDPServerConnection.getDatagrammString(Unknown Source)
	at de.northernstars.mr.mrgraphics.network.GraphicsConnection.establishConnection(GraphicsConnection.java:33)
	at de.northernstars.mr.mrgraphics.core.MRGraphics.<init>(MRGraphics.java:35)
	at de.northernstars.mr.mrgraphics.core.MRGraphics.main(MRGraphics.java:47)

